[    26.262] (--) Log file renamed from "/home/i1536/.local/share/xorg/Xorg.pid-2835.log" to "/home/i1536/.local/share/xorg/Xorg.0.log"
[    26.262] 
X.Org X Server 1.20.11
X Protocol Version 11, Revision 0
[    26.262] Build Operating System: linux Ubuntu
[    26.262] Current Operating System: Linux it002030 5.10.0-1045-oem #47-Ubuntu SMP Wed Aug 18 10:41:03 UTC 2021 x86_64
[    26.262] Kernel command line: BOOT_IMAGE=/boot/vmlinuz-5.10.0-1045-oem root=UUID=5ddbdf34-4fff-4898-8716-755897584f9f ro quiet splash vt.handoff=7
[    26.262] Build Date: 06 July 2021  10:17:51AM
[    26.262] xorg-server 2:1.20.11-1ubuntu1~20.04.2 (For technical support please see http://www.ubuntu.com/support) 
[    26.262] Current version of pixman: 0.38.4
[    26.262] 	Before reporting problems, check http://wiki.x.org
	to make sure that you have the latest version.
[    26.262] Markers: (--) probed, (**) from config file, (==) default setting,
	(++) from command line, (!!) notice, (II) informational,
	(WW) warning, (EE) error, (NI) not implemented, (??) unknown.
[    26.262] (==) Log file: "/home/i1536/.local/share/xorg/Xorg.0.log", Time: Mon Sep 27 18:22:55 2021
[    26.263] (==) Using system config directory "/usr/share/X11/xorg.conf.d"
[    26.263] (==) No Layout section.  Using the first Screen section.
[    26.263] (==) No screen section available. Using defaults.
[    26.263] (**) |-->Screen "Default Screen Section" (0)
[    26.263] (**) |   |-->Monitor "<default monitor>"
[    26.264] (==) No monitor specified for screen "Default Screen Section".
	Using a default monitor configuration.
[    26.264] (==) Automatically adding devices
[    26.264] (==) Automatically enabling devices
[    26.264] (==) Automatically adding GPU devices
[    26.264] (==) Automatically binding GPU devices
[    26.264] (==) Max clients allowed: 256, resource mask: 0x1fffff
[    26.264] (WW) The directory "/usr/share/fonts/X11/cyrillic" does not exist.
[    26.264] 	Entry deleted from font path.
[    26.264] (WW) The directory "/usr/share/fonts/X11/100dpi/" does not exist.
[    26.264] 	Entry deleted from font path.
[    26.264] (WW) The directory "/usr/share/fonts/X11/75dpi/" does not exist.
[    26.264] 	Entry deleted from font path.
[    26.264] (WW) The directory "/usr/share/fonts/X11/100dpi" does not exist.
[    26.264] 	Entry deleted from font path.
[    26.264] (WW) The directory "/usr/share/fonts/X11/75dpi" does not exist.
[    26.264] 	Entry deleted from font path.
[    26.264] (==) FontPath set to:
	/usr/share/fonts/X11/misc,
	/usr/share/fonts/X11/Type1,
	built-ins
[    26.264] (==) ModulePath set to "/usr/lib/xorg/modules"
[    26.264] (II) The server relies on udev to provide the list of input devices.
	If no devices become available, reconfigure udev or disable AutoAddDevices.
[    26.264] (II) Loader magic: 0x55893b527020
[    26.264] (II) Module ABI versions:
[    26.264] 	X.Org ANSI C Emulation: 0.4
[    26.264] 	X.Org Video Driver: 24.1
[    26.264] 	X.Org XInput driver : 24.1
[    26.264] 	X.Org Server Extension : 10.0
[    26.264] (++) using VT number 2

[    26.265] (II) systemd-logind: took control of session /org/freedesktop/login1/session/_32
[    26.266] (II) xfree86: Adding drm device (/dev/dri/card0)
[    26.266] (II) systemd-logind: got fd for /dev/dri/card0 226:0 fd 12 paused 0
[    26.268] (--) PCI:*(0@0:2:0) 8086:9a49:1028:0a7b rev 1, Mem @ 0x601c000000/16777216, 0x4000000000/268435456, I/O @ 0x00004000/64, BIOS @ 0x????????/131072
[    26.268] (II) LoadModule: "glx"
[    26.269] (II) Loading /usr/lib/xorg/modules/extensions/libglx.so
[    26.270] (II) Module glx: vendor="X.Org Foundation"
[    26.270] 	compiled for 1.20.11, module version = 1.0.0
[    26.270] 	ABI class: X.Org Server Extension, version 10.0
[    26.270] (==) Matched modesetting as autoconfigured driver 0
[    26.270] (==) Matched fbdev as autoconfigured driver 1
[    26.270] (==) Matched vesa as autoconfigured driver 2
[    26.270] (==) Assigned the driver to the xf86ConfigLayout
[    26.270] (II) LoadModule: "modesetting"
[    26.270] (II) Loading /usr/lib/xorg/modules/drivers/modesetting_drv.so
[    26.271] (II) Module modesetting: vendor="X.Org Foundation"
[    26.271] 	compiled for 1.20.11, module version = 1.20.11
[    26.271] 	Module class: X.Org Video Driver
[    26.271] 	ABI class: X.Org Video Driver, version 24.1
[    26.271] (II) LoadModule: "fbdev"
[    26.271] (II) Loading /usr/lib/xorg/modules/drivers/fbdev_drv.so
[    26.271] (II) Module fbdev: vendor="X.Org Foundation"
[    26.271] 	compiled for 1.20.1, module version = 0.5.0
[    26.271] 	Module class: X.Org Video Driver
[    26.271] 	ABI class: X.Org Video Driver, version 24.0
[    26.271] (II) LoadModule: "vesa"
[    26.271] (II) Loading /usr/lib/xorg/modules/drivers/vesa_drv.so
[    26.271] (II) Module vesa: vendor="X.Org Foundation"
[    26.271] 	compiled for 1.20.4, module version = 2.4.0
[    26.271] 	Module class: X.Org Video Driver
[    26.271] 	ABI class: X.Org Video Driver, version 24.0
[    26.271] (II) modesetting: Driver for Modesetting Kernel Drivers: kms
[    26.271] (II) FBDEV: driver for framebuffer: fbdev
[    26.272] (II) VESA: driver for VESA chipsets: vesa
[    26.272] xf86EnableIOPorts: failed to set IOPL for I/O (Operation not permitted)
[    26.272] (II) modeset(0): using drv /dev/dri/card0
[    26.272] (WW) Falling back to old probe method for fbdev
[    26.272] (II) Loading sub module "fbdevhw"
[    26.272] (II) LoadModule: "fbdevhw"
[    26.272] (II) Loading /usr/lib/xorg/modules/libfbdevhw.so
[    26.272] (II) Module fbdevhw: vendor="X.Org Foundation"
[    26.272] 	compiled for 1.20.11, module version = 0.0.2
[    26.272] 	ABI class: X.Org Video Driver, version 24.1
[    26.272] (EE) open /dev/fb0: Permission denied
[    26.272] (WW) VGA arbiter: cannot open kernel arbiter, no multi-card support
[    26.272] (II) modeset(0): Creating default Display subsection in Screen section
	"Default Screen Section" for depth/fbbpp 24/32
[    26.272] (==) modeset(0): Depth 24, (==) framebuffer bpp 32
[    26.272] (==) modeset(0): RGB weight 888
[    26.272] (==) modeset(0): Default visual is TrueColor
[    26.272] (II) Loading sub module "glamoregl"
[    26.272] (II) LoadModule: "glamoregl"
[    26.272] (II) Loading /usr/lib/xorg/modules/libglamoregl.so
[    26.275] (II) Module glamoregl: vendor="X.Org Foundation"
[    26.276] 	compiled for 1.20.11, module version = 1.0.1
[    26.276] 	ABI class: X.Org ANSI C Emulation, version 0.4
[    26.301] (II) modeset(0): glamor X acceleration enabled on Mesa Intel(R) Xe Graphics (TGL GT2)
[    26.301] (II) modeset(0): glamor initialized
[    26.302] (II) modeset(0): Output eDP-1 has no monitor section
[    26.302] (II) modeset(0): Output HDMI-1 has no monitor section
[    26.310] (II) modeset(0): Output DP-1 has no monitor section
[    26.311] (II) modeset(0): EDID for output eDP-1
[    26.311] (II) modeset(0): Manufacturer: BOE  Model: a21  Serial#: 0
[    26.311] (II) modeset(0): Year: 2021  Week: 10
[    26.311] (II) modeset(0): EDID Version: 1.4
[    26.311] (II) modeset(0): Digital Display Input
[    26.311] (II) modeset(0): 6 bits per channel
[    26.311] (II) modeset(0): Digital interface is DisplayPort
[    26.312] (II) modeset(0): Max Image Size [cm]: horiz.: 31  vert.: 17
[    26.312] (II) modeset(0): Gamma: 2.20
[    26.312] (II) modeset(0): No DPMS capabilities specified
[    26.312] (II) modeset(0): Supported color encodings: RGB 4:4:4 
[    26.312] (II) modeset(0): First detailed timing is preferred mode
[    26.312] (II) modeset(0): Preferred mode is native pixel format and refresh rate
[    26.312] (II) modeset(0): redX: 0.582 redY: 0.364   greenX: 0.344 greenY: 0.575
[    26.312] (II) modeset(0): blueX: 0.161 blueY: 0.138   whiteX: 0.312 whiteY: 0.328
[    26.312] (II) modeset(0): Manufacturer's mask: 0
[    26.312] (II) modeset(0): Supported detailed timing:
[    26.312] (II) modeset(0): clock: 72.4 MHz   Image Size:  309 x 173 mm
[    26.312] (II) modeset(0): h_active: 1366  h_sync: 1414  h_sync_end 1446 h_blank_end 1528 h_border: 0
[    26.312] (II) modeset(0): v_active: 768  v_sync: 771  v_sync_end 777 v_blanking: 790 v_border: 0
[    26.312] (II) modeset(0): Supported detailed timing:
[    26.312] (II) modeset(0): clock: 57.9 MHz   Image Size:  309 x 173 mm
[    26.312] (II) modeset(0): h_active: 1366  h_sync: 1414  h_sync_end 1446 h_blank_end 1528 h_border: 0
[    26.312] (II) modeset(0): v_active: 768  v_sync: 771  v_sync_end 777 v_blanking: 790 v_border: 0
[    26.312] (II) modeset(0):  D2K69€NT14N45
[    26.312] (II) modeset(0): Unknown vendor-specific block 0
[    26.312] (II) modeset(0): EDID (in hex):
[    26.312] (II) modeset(0): 	00ffffffffffff0009e5210a00000000
[    26.312] (II) modeset(0): 	0a1f0104951f1178021150955d589329
[    26.312] (II) modeset(0): 	23505400000001010101010101010101
[    26.312] (II) modeset(0): 	0101010101014a1c56a2500016303020
[    26.312] (II) modeset(0): 	360035ad1000001aa21656a250001630
[    26.312] (II) modeset(0): 	3020360035ad1000001a000000fe0044
[    26.312] (II) modeset(0): 	324b3639804e5431344e343500000000
[    26.312] (II) modeset(0): 	00004121960010000009010a2020001c
[    26.312] (II) modeset(0): Printing probed modes for output eDP-1
[    26.312] (II) modeset(0): Modeline "1366x768"x60.0   72.42  1366 1414 1446 1528  768 771 777 790 +hsync -vsync (47.4 kHz eP)
[    26.312] (II) modeset(0): Modeline "1366x768"x48.0   57.94  1366 1414 1446 1528  768 771 777 790 +hsync -vsync (37.9 kHz e)
[    26.312] (II) modeset(0): Modeline "1360x768"x59.8   84.75  1360 1432 1568 1776  768 771 781 798 -hsync +vsync (47.7 kHz d)
[    26.312] (II) modeset(0): Modeline "1360x768"x60.0   72.00  1360 1408 1440 1520  768 771 781 790 +hsync -vsync (47.4 kHz d)
[    26.312] (II) modeset(0): Modeline "1280x720"x120.0  156.12  1280 1376 1512 1744  720 721 724 746 doublescan -hsync +vsync (89.5 kHz d)
[    26.312] (II) modeset(0): Modeline "1280x720"x120.0  120.75  1280 1304 1320 1360  720 721 724 740 doublescan +hsync -vsync (88.8 kHz d)
[    26.312] (II) modeset(0): Modeline "1280x720"x59.9   74.50  1280 1344 1472 1664  720 723 728 748 -hsync +vsync (44.8 kHz d)
[    26.312] (II) modeset(0): Modeline "1280x720"x59.7   63.75  1280 1328 1360 1440  720 723 728 741 +hsync -vsync (44.3 kHz d)
[    26.312] (II) modeset(0): Modeline "1024x768"x120.1  133.47  1024 1100 1212 1400  768 768 770 794 doublescan -hsync +vsync (95.3 kHz d)
[    26.312] (II) modeset(0): Modeline "1024x768"x60.0   65.00  1024 1048 1184 1344  768 771 777 806 -hsync -vsync (48.4 kHz d)
[    26.312] (II) modeset(0): Modeline "960x720"x120.0  117.00  960 1024 1128 1300  720 720 722 750 doublescan -hsync +vsync (90.0 kHz d)
[    26.312] (II) modeset(0): Modeline "928x696"x120.1  109.15  928 976 1088 1264  696 696 698 719 doublescan -hsync +vsync (86.4 kHz d)
[    26.312] (II) modeset(0): Modeline "896x672"x120.0  102.40  896 960 1060 1224  672 672 674 697 doublescan -hsync +vsync (83.7 kHz d)
[    26.312] (II) modeset(0): Modeline "1024x576"x119.9   98.50  1024 1092 1200 1376  576 577 580 597 doublescan -hsync +vsync (71.6 kHz d)
[    26.312] (II) modeset(0): Modeline "1024x576"x119.9   78.38  1024 1048 1064 1104  576 577 580 592 doublescan +hsync -vsync (71.0 kHz d)
[    26.312] (II) modeset(0): Modeline "1024x576"x59.9   46.50  1024 1064 1160 1296  576 579 584 599 -hsync +vsync (35.9 kHz d)
[    26.312] (II) modeset(0): Modeline "1024x576"x59.8   42.00  1024 1072 1104 1184  576 579 584 593 +hsync -vsync (35.5 kHz d)
[    26.312] (II) modeset(0): Modeline "960x600"x119.9   96.62  960 1028 1128 1296  600 601 604 622 doublescan -hsync +vsync (74.6 kHz d)
[    26.312] (II) modeset(0): Modeline "960x600"x120.0   77.00  960 984 1000 1040  600 601 604 617 doublescan +hsync -vsync (74.0 kHz d)
[    26.312] (II) modeset(0): Modeline "960x540"x119.9   86.50  960 1024 1124 1288  540 541 544 560 doublescan -hsync +vsync (67.2 kHz d)
[    26.312] (II) modeset(0): Modeline "960x540"x120.0   69.25  960 984 1000 1040  540 541 544 555 doublescan +hsync -vsync (66.6 kHz d)
[    26.312] (II) modeset(0): Modeline "960x540"x59.6   40.75  960 992 1088 1216  540 543 548 562 -hsync +vsync (33.5 kHz d)
[    26.312] (II) modeset(0): Modeline "960x540"x59.8   37.25  960 1008 1040 1120  540 543 548 556 +hsync -vsync (33.3 kHz d)
[    26.312] (II) modeset(0): Modeline "800x600"x120.0   81.00  800 832 928 1080  600 600 602 625 doublescan +hsync +vsync (75.0 kHz d)
[    26.312] (II) modeset(0): Modeline "800x600"x60.3   40.00  800 840 968 1056  600 601 605 628 +hsync +vsync (37.9 kHz d)
[    26.312] (II) modeset(0): Modeline "800x600"x56.2   36.00  800 824 896 1024  600 601 603 625 +hsync +vsync (35.2 kHz d)
[    26.312] (II) modeset(0): Modeline "840x525"x120.0   73.12  840 892 980 1120  525 526 529 544 doublescan -hsync +vsync (65.3 kHz d)
[    26.312] (II) modeset(0): Modeline "840x525"x119.8   59.50  840 864 880 920  525 526 529 540 doublescan +hsync -vsync (64.7 kHz d)
[    26.312] (II) modeset(0): Modeline "864x486"x59.9   32.50  864 888 968 1072  486 489 494 506 -hsync +vsync (30.3 kHz d)
[    26.312] (II) modeset(0): Modeline "864x486"x59.6   30.50  864 912 944 1024  486 489 494 500 +hsync -vsync (29.8 kHz d)
[    26.312] (II) modeset(0): Modeline "800x512"x120.3   51.56  800 800 828 832  512 512 514 515 doublescan +hsync +vsync (62.0 kHz d)
[    26.312] (II) modeset(0): Modeline "700x525"x120.0   61.00  700 744 820 940  525 526 532 541 doublescan +hsync +vsync (64.9 kHz d)
[    26.312] (II) modeset(0): Modeline "800x450"x119.9   59.12  800 848 928 1056  450 451 454 467 doublescan -hsync +vsync (56.0 kHz d)
[    26.312] (II) modeset(0): Modeline "800x450"x119.6   48.75  800 824 840 880  450 451 454 463 doublescan +hsync -vsync (55.4 kHz d)
[    26.312] (II) modeset(0): Modeline "640x512"x120.0   54.00  640 664 720 844  512 512 514 533 doublescan +hsync +vsync (64.0 kHz d)
[    26.312] (II) modeset(0): Modeline "720x450"x119.8   53.25  720 760 836 952  450 451 454 467 doublescan -hsync +vsync (55.9 kHz d)
[    26.312] (II) modeset(0): Modeline "700x450"x119.9   51.75  700 740 812 924  450 451 456 467 doublescan -hsync +vsync (56.0 kHz d)
[    26.312] (II) modeset(0): Modeline "700x450"x119.8   43.25  700 724 740 780  450 451 456 463 doublescan +hsync -vsync (55.4 kHz d)
[    26.312] (II) modeset(0): Modeline "640x480"x120.0   54.00  640 688 744 900  480 480 482 500 doublescan +hsync +vsync (60.0 kHz d)
[    26.312] (II) modeset(0): Modeline "640x480"x59.9   25.18  640 656 752 800  480 490 492 525 -hsync -vsync (31.5 kHz d)
[    26.312] (II) modeset(0): Modeline "720x405"x59.5   22.50  720 744 808 896  405 408 413 422 -hsync +vsync (25.1 kHz d)
[    26.312] (II) modeset(0): Modeline "720x405"x59.0   21.75  720 768 800 880  405 408 413 419 +hsync -vsync (24.7 kHz d)
[    26.312] (II) modeset(0): Modeline "684x384"x119.8   42.62  684 720 788 892  384 385 390 399 doublescan -hsync +vsync (47.8 kHz d)
[    26.312] (II) modeset(0): Modeline "684x384"x119.7   36.12  684 708 724 764  384 385 390 395 doublescan +hsync -vsync (47.3 kHz d)
[    26.312] (II) modeset(0): Modeline "680x384"x119.6   42.38  680 716 784 888  384 385 390 399 doublescan -hsync +vsync (47.7 kHz d)
[    26.312] (II) modeset(0): Modeline "680x384"x119.9   36.00  680 704 720 760  384 385 390 395 doublescan +hsync -vsync (47.4 kHz d)
[    26.312] (II) modeset(0): Modeline "640x400"x119.8   41.75  640 676 740 840  400 401 404 415 doublescan -hsync +vsync (49.7 kHz d)
[    26.312] (II) modeset(0): Modeline "640x400"x120.0   35.50  640 664 680 720  400 401 404 411 doublescan +hsync -vsync (49.3 kHz d)
[    26.312] (II) modeset(0): Modeline "576x432"x120.1   40.81  576 608 668 760  432 432 434 447 doublescan -hsync +vsync (53.7 kHz d)
[    26.312] (II) modeset(0): Modeline "640x360"x119.7   37.25  640 672 736 832  360 361 364 374 doublescan -hsync +vsync (44.8 kHz d)
[    26.312] (II) modeset(0): Modeline "640x360"x119.7   31.88  640 664 680 720  360 361 364 370 doublescan +hsync -vsync (44.3 kHz d)
[    26.312] (II) modeset(0): Modeline "640x360"x59.8   18.00  640 664 720 800  360 363 368 376 -hsync +vsync (22.5 kHz d)
[    26.312] (II) modeset(0): Modeline "640x360"x59.3   17.75  640 688 720 800  360 363 368 374 +hsync -vsync (22.2 kHz d)
[    26.312] (II) modeset(0): Modeline "512x384"x120.0   32.50  512 524 592 672  384 385 388 403 doublescan -hsync -vsync (48.4 kHz d)
[    26.312] (II) modeset(0): Modeline "512x288"x120.0   23.25  512 532 580 648  288 289 292 299 doublescan -hsync +vsync (35.9 kHz d)
[    26.312] (II) modeset(0): Modeline "512x288"x119.8   21.00  512 536 552 592  288 289 292 296 doublescan +hsync -vsync (35.5 kHz d)
[    26.312] (II) modeset(0): Modeline "480x270"x119.3   20.38  480 496 544 608  270 271 274 281 doublescan -hsync +vsync (33.5 kHz d)
[    26.312] (II) modeset(0): Modeline "480x270"x119.6   18.62  480 504 520 560  270 271 274 278 doublescan +hsync -vsync (33.3 kHz d)
[    26.312] (II) modeset(0): Modeline "400x300"x120.6   20.00  400 420 484 528  300 300 302 314 doublescan +hsync +vsync (37.9 kHz d)
[    26.312] (II) modeset(0): Modeline "400x300"x112.7   18.00  400 412 448 512  300 300 301 312 doublescan +hsync +vsync (35.2 kHz d)
[    26.312] (II) modeset(0): Modeline "432x243"x119.8   16.25  432 444 484 536  243 244 247 253 doublescan -hsync +vsync (30.3 kHz d)
[    26.312] (II) modeset(0): Modeline "432x243"x119.1   15.25  432 456 472 512  243 244 247 250 doublescan +hsync -vsync (29.8 kHz d)
[    26.312] (II) modeset(0): Modeline "320x240"x120.1   12.59  320 328 376 400  240 245 246 262 doublescan -hsync -vsync (31.5 kHz d)
[    26.312] (II) modeset(0): Modeline "360x202"x119.0   11.25  360 372 404 448  202 204 206 211 doublescan -hsync +vsync (25.1 kHz d)
[    26.312] (II) modeset(0): Modeline "360x202"x118.3   10.88  360 384 400 440  202 204 206 209 doublescan +hsync -vsync (24.7 kHz d)
[    26.312] (II) modeset(0): Modeline "320x180"x119.7    9.00  320 332 360 400  180 181 184 188 doublescan -hsync +vsync (22.5 kHz d)
[    26.312] (II) modeset(0): Modeline "320x180"x118.6    8.88  320 344 360 400  180 181 184 187 doublescan +hsync -vsync (22.2 kHz d)
[    26.312] (II) modeset(0): EDID for output HDMI-1
[    26.322] (II) modeset(0): EDID for output DP-1
[    26.322] (II) modeset(0): Output eDP-1 connected
[    26.322] (II) modeset(0): Output HDMI-1 disconnected
[    26.322] (II) modeset(0): Output DP-1 disconnected
[    26.322] (II) modeset(0): Using exact sizes for initial modes
[    26.322] (II) modeset(0): Output eDP-1 using initial mode 1366x768 +0+0
[    26.322] (==) modeset(0): Using gamma correction (1.0, 1.0, 1.0)
[    26.322] (==) modeset(0): DPI set to (96, 96)
[    26.322] (II) Loading sub module "fb"
[    26.322] (II) LoadModule: "fb"
[    26.323] (II) Loading /usr/lib/xorg/modules/libfb.so
[    26.323] (II) Module fb: vendor="X.Org Foundation"
[    26.323] 	compiled for 1.20.11, module version = 1.0.0
[    26.323] 	ABI class: X.Org ANSI C Emulation, version 0.4
[    26.323] (II) UnloadModule: "fbdev"
[    26.323] (II) Unloading fbdev
[    26.323] (II) UnloadSubModule: "fbdevhw"
[    26.323] (II) Unloading fbdevhw
[    26.323] (II) UnloadModule: "vesa"
[    26.323] (II) Unloading vesa
[    26.345] (==) modeset(0): Backing store enabled
[    26.345] (==) modeset(0): Silken mouse enabled
[    26.423] (II) modeset(0): Initializing kms color map for depth 24, 8 bpc.
[    26.423] (==) modeset(0): DPMS enabled
[    26.423] (II) modeset(0): [DRI2] Setup complete
[    26.423] (II) modeset(0): [DRI2]   DRI driver: iris
[    26.423] (II) modeset(0): [DRI2]   VDPAU driver: va_gl
[    26.423] (II) Initializing extension Generic Event Extension
[    26.423] (II) Initializing extension SHAPE
[    26.423] (II) Initializing extension MIT-SHM
[    26.423] (II) Initializing extension XInputExtension
[    26.424] (II) Initializing extension XTEST
[    26.424] (II) Initializing extension BIG-REQUESTS
[    26.424] (II) Initializing extension SYNC
[    26.424] (II) Initializing extension XKEYBOARD
[    26.424] (II) Initializing extension XC-MISC
[    26.424] (II) Initializing extension SECURITY
[    26.424] (II) Initializing extension XFIXES
[    26.424] (II) Initializing extension RENDER
[    26.424] (II) Initializing extension RANDR
[    26.424] (II) Initializing extension COMPOSITE
[    26.425] (II) Initializing extension DAMAGE
[    26.425] (II) Initializing extension MIT-SCREEN-SAVER
[    26.425] (II) Initializing extension DOUBLE-BUFFER
[    26.425] (II) Initializing extension RECORD
[    26.425] (II) Initializing extension DPMS
[    26.425] (II) Initializing extension Present
[    26.425] (II) Initializing extension DRI3
[    26.425] (II) Initializing extension X-Resource
[    26.425] (II) Initializing extension XVideo
[    26.425] (II) Initializing extension XVideo-MotionCompensation
[    26.425] (II) Initializing extension SELinux
[    26.425] (II) SELinux: Disabled on system
[    26.425] (II) Initializing extension GLX
[    26.431] (II) AIGLX: Loaded and initialized iris
[    26.431] (II) GLX: Initialized DRI2 GL provider for screen 0
[    26.431] (II) Initializing extension XFree86-VidModeExtension
[    26.431] (II) Initializing extension XFree86-DGA
[    26.431] (II) Initializing extension XFree86-DRI
[    26.431] (II) Initializing extension DRI2
[    26.432] (II) modeset(0): Damage tracking initialized
[    26.432] (II) modeset(0): Setting screen physical size to 361 x 203
[    26.460] (II) config/udev: Adding input device Video Bus (/dev/input/event6)
[    26.460] (**) Video Bus: Applying InputClass "libinput keyboard catchall"
[    26.460] (II) LoadModule: "libinput"
[    26.460] (II) Loading /usr/lib/xorg/modules/input/libinput_drv.so
[    26.462] (II) Module libinput: vendor="X.Org Foundation"
[    26.462] 	compiled for 1.20.4, module version = 0.29.0
[    26.462] 	Module class: X.Org XInput Driver
[    26.462] 	ABI class: X.Org XInput driver, version 24.1
[    26.462] (II) Using input driver 'libinput' for 'Video Bus'
[    26.463] (II) systemd-logind: got fd for /dev/input/event6 13:70 fd 26 paused 0
[    26.463] (**) Video Bus: always reports core events
[    26.463] (**) Option "Device" "/dev/input/event6"
[    26.463] (**) Option "_source" "server/udev"
[    26.466] (II) event6  - Video Bus: is tagged by udev as: Keyboard
[    26.466] (II) event6  - Video Bus: device is a keyboard
[    26.466] (II) event6  - Video Bus: device removed
[    26.466] (**) Option "config_info" "udev:/sys/devices/LNXSYSTM:00/LNXSYBUS:00/PNP0A08:00/LNXVIDEO:00/input/input9/event6"
[    26.466] (II) XINPUT: Adding extended input device "Video Bus" (type: KEYBOARD, id 6)
[    26.466] (**) Option "xkb_model" "pc105"
[    26.466] (**) Option "xkb_layout" "us"
[    26.468] (II) event6  - Video Bus: is tagged by udev as: Keyboard
[    26.468] (II) event6  - Video Bus: device is a keyboard
[    26.468] (II) config/udev: Adding input device Power Button (/dev/input/event1)
[    26.468] (**) Power Button: Applying InputClass "libinput keyboard catchall"
[    26.468] (II) Using input driver 'libinput' for 'Power Button'
[    26.469] (II) systemd-logind: got fd for /dev/input/event1 13:65 fd 29 paused 0
[    26.469] (**) Power Button: always reports core events
[    26.469] (**) Option "Device" "/dev/input/event1"
[    26.469] (**) Option "_source" "server/udev"
[    26.470] (II) event1  - Power Button: is tagged by udev as: Keyboard
[    26.470] (II) event1  - Power Button: device is a keyboard
[    26.470] (II) event1  - Power Button: device removed
[    26.470] (**) Option "config_info" "udev:/sys/devices/LNXSYSTM:00/LNXSYBUS:00/PNP0C0C:00/input/input1/event1"
[    26.470] (II) XINPUT: Adding extended input device "Power Button" (type: KEYBOARD, id 7)
[    26.470] (**) Option "xkb_model" "pc105"
[    26.470] (**) Option "xkb_layout" "us"
[    26.471] (II) event1  - Power Button: is tagged by udev as: Keyboard
[    26.472] (II) event1  - Power Button: device is a keyboard
[    26.472] (II) config/udev: Adding input device Lid Switch (/dev/input/event0)
[    26.472] (II) No input driver specified, ignoring this device.
[    26.472] (II) This device may have been added with another device file.
[    26.473] (II) config/udev: Adding input device Sleep Button (/dev/input/event2)
[    26.473] (**) Sleep Button: Applying InputClass "libinput keyboard catchall"
[    26.473] (II) Using input driver 'libinput' for 'Sleep Button'
[    26.473] (II) systemd-logind: got fd for /dev/input/event2 13:66 fd 30 paused 0
[    26.473] (**) Sleep Button: always reports core events
[    26.473] (**) Option "Device" "/dev/input/event2"
[    26.473] (**) Option "_source" "server/udev"
[    26.475] (II) event2  - Sleep Button: is tagged by udev as: Keyboard
[    26.475] (II) event2  - Sleep Button: device is a keyboard
[    26.475] (II) event2  - Sleep Button: device removed
[    26.475] (**) Option "config_info" "udev:/sys/devices/LNXSYSTM:00/LNXSYBUS:00/PNP0C0E:00/input/input2/event2"
[    26.475] (II) XINPUT: Adding extended input device "Sleep Button" (type: KEYBOARD, id 8)
[    26.475] (**) Option "xkb_model" "pc105"
[    26.475] (**) Option "xkb_layout" "us"
[    26.476] (II) event2  - Sleep Button: is tagged by udev as: Keyboard
[    26.476] (II) event2  - Sleep Button: device is a keyboard
[    26.477] (II) config/udev: Adding input device Integrated_Webcam_HD: Integrate (/dev/input/event16)
[    26.477] (**) Integrated_Webcam_HD: Integrate: Applying InputClass "libinput keyboard catchall"
[    26.477] (II) Using input driver 'libinput' for 'Integrated_Webcam_HD: Integrate'
[    26.477] (II) systemd-logind: got fd for /dev/input/event16 13:80 fd 31 paused 0
[    26.477] (**) Integrated_Webcam_HD: Integrate: always reports core events
[    26.477] (**) Option "Device" "/dev/input/event16"
[    26.477] (**) Option "_source" "server/udev"
[    26.478] (II) event16 - Integrated_Webcam_HD: Integrate: is tagged by udev as: Keyboard
[    26.478] (II) event16 - Integrated_Webcam_HD: Integrate: device is a keyboard
[    26.478] (II) event16 - Integrated_Webcam_HD: Integrate: device removed
[    26.478] (**) Option "config_info" "udev:/sys/devices/pci0000:00/0000:00:14.0/usb3/3-6/3-6:1.0/input/input21/event16"
[    26.478] (II) XINPUT: Adding extended input device "Integrated_Webcam_HD: Integrate" (type: KEYBOARD, id 9)
[    26.478] (**) Option "xkb_model" "pc105"
[    26.478] (**) Option "xkb_layout" "us"
[    26.480] (II) event16 - Integrated_Webcam_HD: Integrate: is tagged by udev as: Keyboard
[    26.480] (II) event16 - Integrated_Webcam_HD: Integrate: device is a keyboard
[    26.480] (II) config/udev: Adding input device DELL0A7B:00 06CB:CE26 Mouse (/dev/input/event10)
[    26.480] (**) DELL0A7B:00 06CB:CE26 Mouse: Applying InputClass "libinput pointer catchall"
[    26.480] (II) Using input driver 'libinput' for 'DELL0A7B:00 06CB:CE26 Mouse'
[    26.481] (II) systemd-logind: got fd for /dev/input/event10 13:74 fd 32 paused 0
[    26.481] (**) DELL0A7B:00 06CB:CE26 Mouse: always reports core events
[    26.481] (**) Option "Device" "/dev/input/event10"
[    26.481] (**) Option "_source" "server/udev"
[    26.482] (II) event10 - DELL0A7B:00 06CB:CE26 Mouse: is tagged by udev as: Mouse Pointingstick
[    26.482] (II) event10 - DELL0A7B:00 06CB:CE26 Mouse: device is a pointer
[    26.482] (II) event10 - DELL0A7B:00 06CB:CE26 Mouse: device removed
[    26.482] (**) Option "config_info" "udev:/sys/devices/pci0000:00/0000:00:15.1/i2c_designware.1/i2c-2/i2c-DELL0A7B:00/0018:06CB:CE26.0001/input/input14/event10"
[    26.482] (II) XINPUT: Adding extended input device "DELL0A7B:00 06CB:CE26 Mouse" (type: MOUSE, id 10)
[    26.482] (**) Option "AccelerationScheme" "none"
[    26.482] (**) DELL0A7B:00 06CB:CE26 Mouse: (accel) selected scheme none/0
[    26.482] (**) DELL0A7B:00 06CB:CE26 Mouse: (accel) acceleration factor: 2.000
[    26.482] (**) DELL0A7B:00 06CB:CE26 Mouse: (accel) acceleration threshold: 4
[    26.483] (II) event10 - DELL0A7B:00 06CB:CE26 Mouse: is tagged by udev as: Mouse Pointingstick
[    26.483] (II) event10 - DELL0A7B:00 06CB:CE26 Mouse: device is a pointer
[    26.484] (II) config/udev: Adding input device DELL0A7B:00 06CB:CE26 Mouse (/dev/input/mouse0)
[    26.484] (II) No input driver specified, ignoring this device.
[    26.484] (II) This device may have been added with another device file.
[    26.484] (II) config/udev: Adding input device DELL0A7B:00 06CB:CE26 Touchpad (/dev/input/event11)
[    26.484] (**) DELL0A7B:00 06CB:CE26 Touchpad: Applying InputClass "libinput touchpad catchall"
[    26.484] (II) Using input driver 'libinput' for 'DELL0A7B:00 06CB:CE26 Touchpad'
[    26.485] (II) systemd-logind: got fd for /dev/input/event11 13:75 fd 33 paused 0
[    26.485] (**) DELL0A7B:00 06CB:CE26 Touchpad: always reports core events
[    26.485] (**) Option "Device" "/dev/input/event11"
[    26.485] (**) Option "_source" "server/udev"
[    26.486] (II) event11 - DELL0A7B:00 06CB:CE26 Touchpad: is tagged by udev as: Touchpad
[    26.486] (II) event11 - DELL0A7B:00 06CB:CE26 Touchpad: device is a touchpad
[    26.486] (II) event11 - DELL0A7B:00 06CB:CE26 Touchpad: device removed
[    26.487] (**) Option "config_info" "udev:/sys/devices/pci0000:00/0000:00:15.1/i2c_designware.1/i2c-2/i2c-DELL0A7B:00/0018:06CB:CE26.0001/input/input15/event11"
[    26.487] (II) XINPUT: Adding extended input device "DELL0A7B:00 06CB:CE26 Touchpad" (type: TOUCHPAD, id 11)
[    26.487] (**) Option "AccelerationScheme" "none"
[    26.487] (**) DELL0A7B:00 06CB:CE26 Touchpad: (accel) selected scheme none/0
[    26.487] (**) DELL0A7B:00 06CB:CE26 Touchpad: (accel) acceleration factor: 2.000
[    26.487] (**) DELL0A7B:00 06CB:CE26 Touchpad: (accel) acceleration threshold: 4
[    26.488] (II) event11 - DELL0A7B:00 06CB:CE26 Touchpad: is tagged by udev as: Touchpad
[    26.489] (II) event11 - DELL0A7B:00 06CB:CE26 Touchpad: device is a touchpad
[    26.490] (II) config/udev: Adding input device DELL0A7B:00 06CB:CE26 Touchpad (/dev/input/mouse1)
[    26.490] (II) No input driver specified, ignoring this device.
[    26.490] (II) This device may have been added with another device file.
[    26.490] (II) config/udev: Adding input device sof-hda-dsp Headphone Mic (/dev/input/event12)
[    26.490] (II) No input driver specified, ignoring this device.
[    26.490] (II) This device may have been added with another device file.
[    26.490] (II) config/udev: Adding input device sof-hda-dsp HDMI/DP,pcm=3 (/dev/input/event13)
[    26.490] (II) No input driver specified, ignoring this device.
[    26.490] (II) This device may have been added with another device file.
[    26.490] (II) config/udev: Adding input device sof-hda-dsp HDMI/DP,pcm=4 (/dev/input/event14)
[    26.490] (II) No input driver specified, ignoring this device.
[    26.490] (II) This device may have been added with another device file.
[    26.491] (II) config/udev: Adding input device sof-hda-dsp HDMI/DP,pcm=5 (/dev/input/event15)
[    26.491] (II) No input driver specified, ignoring this device.
[    26.491] (II) This device may have been added with another device file.
[    26.491] (II) config/udev: Adding input device Intel HID events (/dev/input/event8)
[    26.491] (**) Intel HID events: Applying InputClass "libinput keyboard catchall"
[    26.491] (II) Using input driver 'libinput' for 'Intel HID events'
[    26.491] (II) systemd-logind: got fd for /dev/input/event8 13:72 fd 34 paused 0
[    26.491] (**) Intel HID events: always reports core events
[    26.491] (**) Option "Device" "/dev/input/event8"
[    26.491] (**) Option "_source" "server/udev"
[    26.492] (II) event8  - Intel HID events: is tagged by udev as: Keyboard
[    26.492] (II) event8  - Intel HID events: device is a keyboard
[    26.492] (II) event8  - Intel HID events: device removed
[    26.492] (**) Option "config_info" "udev:/sys/devices/platform/INTC1051:00/input/input10/event8"
[    26.492] (II) XINPUT: Adding extended input device "Intel HID events" (type: KEYBOARD, id 12)
[    26.492] (**) Option "xkb_model" "pc105"
[    26.492] (**) Option "xkb_layout" "us"
[    26.492] (II) event8  - Intel HID events: is tagged by udev as: Keyboard
[    26.493] (II) event8  - Intel HID events: device is a keyboard
[    26.493] (II) config/udev: Adding input device Intel HID 5 button array (/dev/input/event9)
[    26.493] (**) Intel HID 5 button array: Applying InputClass "libinput keyboard catchall"
[    26.493] (II) Using input driver 'libinput' for 'Intel HID 5 button array'
[    26.493] (II) systemd-logind: got fd for /dev/input/event9 13:73 fd 35 paused 0
[    26.493] (**) Intel HID 5 button array: always reports core events
[    26.493] (**) Option "Device" "/dev/input/event9"
[    26.493] (**) Option "_source" "server/udev"
[    26.494] (II) event9  - Intel HID 5 button array: is tagged by udev as: Keyboard
[    26.494] (II) event9  - Intel HID 5 button array: device is a keyboard
[    26.494] (II) event9  - Intel HID 5 button array: device removed
[    26.494] (**) Option "config_info" "udev:/sys/devices/platform/INTC1051:00/input/input11/event9"
[    26.494] (II) XINPUT: Adding extended input device "Intel HID 5 button array" (type: KEYBOARD, id 13)
[    26.494] (**) Option "xkb_model" "pc105"
[    26.494] (**) Option "xkb_layout" "us"
[    26.495] (II) event9  - Intel HID 5 button array: is tagged by udev as: Keyboard
[    26.495] (II) event9  - Intel HID 5 button array: device is a keyboard
[    26.495] (II) config/udev: Adding input device Dell Privacy Driver (/dev/input/event4)
[    26.495] (**) Dell Privacy Driver: Applying InputClass "libinput keyboard catchall"
[    26.495] (II) Using input driver 'libinput' for 'Dell Privacy Driver'
[    26.495] (II) systemd-logind: got fd for /dev/input/event4 13:68 fd 36 paused 0
[    26.495] (**) Dell Privacy Driver: always reports core events
[    26.495] (**) Option "Device" "/dev/input/event4"
[    26.495] (**) Option "_source" "server/udev"
[    26.496] (II) event4  - Dell Privacy Driver: is tagged by udev as: Keyboard Switch
[    26.496] (II) event4  - Dell Privacy Driver: device is a keyboard
[    26.496] (II) event4  - Dell Privacy Driver: device removed
[    26.496] (**) Option "config_info" "udev:/sys/devices/platform/PNP0C14:02/wmi_bus/wmi_bus-PNP0C14:02/6932965F-1671-4CEB-B988-D3AB0A901919/input/input12/event4"
[    26.496] (II) XINPUT: Adding extended input device "Dell Privacy Driver" (type: KEYBOARD, id 14)
[    26.496] (**) Option "xkb_model" "pc105"
[    26.496] (**) Option "xkb_layout" "us"
[    26.497] (II) event4  - Dell Privacy Driver: is tagged by udev as: Keyboard Switch
[    26.497] (II) event4  - Dell Privacy Driver: device is a keyboard
[    26.498] (II) config/udev: Adding input device Dell WMI hotkeys (/dev/input/event5)
[    26.498] (**) Dell WMI hotkeys: Applying InputClass "libinput keyboard catchall"
[    26.498] (II) Using input driver 'libinput' for 'Dell WMI hotkeys'
[    26.498] (II) systemd-logind: got fd for /dev/input/event5 13:69 fd 37 paused 0
[    26.498] (**) Dell WMI hotkeys: always reports core events
[    26.498] (**) Option "Device" "/dev/input/event5"
[    26.498] (**) Option "_source" "server/udev"
[    26.499] (II) event5  - Dell WMI hotkeys: is tagged by udev as: Keyboard
[    26.499] (II) event5  - Dell WMI hotkeys: device is a keyboard
[    26.499] (II) event5  - Dell WMI hotkeys: device removed
[    26.499] (**) Option "config_info" "udev:/sys/devices/platform/PNP0C14:02/wmi_bus/wmi_bus-PNP0C14:02/9DBB5994-A997-11DA-B012-B622A1EF5492/input/input13/event5"
[    26.499] (II) XINPUT: Adding extended input device "Dell WMI hotkeys" (type: KEYBOARD, id 15)
[    26.499] (**) Option "xkb_model" "pc105"
[    26.499] (**) Option "xkb_layout" "us"
[    26.500] (II) event5  - Dell WMI hotkeys: is tagged by udev as: Keyboard
[    26.500] (II) event5  - Dell WMI hotkeys: device is a keyboard
[    26.500] (II) config/udev: Adding input device AT Translated Set 2 keyboard (/dev/input/event3)
[    26.500] (**) AT Translated Set 2 keyboard: Applying InputClass "libinput keyboard catchall"
[    26.500] (II) Using input driver 'libinput' for 'AT Translated Set 2 keyboard'
[    26.501] (II) systemd-logind: got fd for /dev/input/event3 13:67 fd 38 paused 0
[    26.501] (**) AT Translated Set 2 keyboard: always reports core events
[    26.501] (**) Option "Device" "/dev/input/event3"
[    26.501] (**) Option "_source" "server/udev"
[    26.501] (II) event3  - AT Translated Set 2 keyboard: is tagged by udev as: Keyboard
[    26.501] (II) event3  - AT Translated Set 2 keyboard: device is a keyboard
[    26.502] (II) event3  - AT Translated Set 2 keyboard: device removed
[    26.502] (**) Option "config_info" "udev:/sys/devices/platform/i8042/serio0/input/input3/event3"
[    26.502] (II) XINPUT: Adding extended input device "AT Translated Set 2 keyboard" (type: KEYBOARD, id 16)
[    26.502] (**) Option "xkb_model" "pc105"
[    26.502] (**) Option "xkb_layout" "us"
[    26.503] (II) event3  - AT Translated Set 2 keyboard: is tagged by udev as: Keyboard
[    26.503] (II) event3  - AT Translated Set 2 keyboard: device is a keyboard
[    26.503] (II) config/udev: Adding input device PS/2 Generic Mouse (/dev/input/event7)
[    26.503] (**) PS/2 Generic Mouse: Applying InputClass "libinput pointer catchall"
[    26.503] (II) Using input driver 'libinput' for 'PS/2 Generic Mouse'
[    26.504] (II) systemd-logind: got fd for /dev/input/event7 13:71 fd 39 paused 0
[    26.504] (**) PS/2 Generic Mouse: always reports core events
[    26.504] (**) Option "Device" "/dev/input/event7"
[    26.504] (**) Option "_source" "server/udev"
[    26.504] (II) event7  - PS/2 Generic Mouse: is tagged by udev as: Mouse
[    26.504] (II) event7  - PS/2 Generic Mouse: device is a pointer
[    26.505] (II) event7  - PS/2 Generic Mouse: device removed
[    26.505] (**) Option "config_info" "udev:/sys/devices/platform/i8042/serio1/input/input5/event7"
[    26.505] (II) XINPUT: Adding extended input device "PS/2 Generic Mouse" (type: MOUSE, id 17)
[    26.505] (**) Option "AccelerationScheme" "none"
[    26.505] (**) PS/2 Generic Mouse: (accel) selected scheme none/0
[    26.505] (**) PS/2 Generic Mouse: (accel) acceleration factor: 2.000
[    26.505] (**) PS/2 Generic Mouse: (accel) acceleration threshold: 4
[    26.505] (II) event7  - PS/2 Generic Mouse: is tagged by udev as: Mouse
[    26.505] (II) event7  - PS/2 Generic Mouse: device is a pointer
[    26.506] (II) config/udev: Adding input device PS/2 Generic Mouse (/dev/input/mouse2)
[    26.506] (II) No input driver specified, ignoring this device.
[    26.506] (II) This device may have been added with another device file.
[    26.941] (II) modeset(0): EDID vendor "BOE", prod id 2593
[    26.941] (II) modeset(0): Printing DDC gathered Modelines:
[    26.941] (II) modeset(0): Modeline "1366x768"x0.0   72.42  1366 1414 1446 1528  768 771 777 790 +hsync -vsync (47.4 kHz eP)
[    26.941] (II) modeset(0): Modeline "1366x768"x0.0   57.94  1366 1414 1446 1528  768 771 777 790 +hsync -vsync (37.9 kHz e)
[   988.441] (II) modeset(0): EDID vendor "BOE", prod id 2593
[   988.441] (II) modeset(0): Printing DDC gathered Modelines:
[   988.441] (II) modeset(0): Modeline "1366x768"x0.0   72.42  1366 1414 1446 1528  768 771 777 790 +hsync -vsync (47.4 kHz eP)
[   988.441] (II) modeset(0): Modeline "1366x768"x0.0   57.94  1366 1414 1446 1528  768 771 777 790 +hsync -vsync (37.9 kHz e)
[ 10919.882] (EE) event11 - DELL0A7B:00 06CB:CE26 Touchpad: kernel bug: Touch jump detected and discarded.
See https://wayland.freedesktop.org/libinput/doc/1.15.5/touchpad-jumping-cursors.html for details
[ 11280.225] (EE) event11 - DELL0A7B:00 06CB:CE26 Touchpad: kernel bug: Touch jump detected and discarded.
See https://wayland.freedesktop.org/libinput/doc/1.15.5/touchpad-jumping-cursors.html for details
[ 15650.068] (EE) event11 - DELL0A7B:00 06CB:CE26 Touchpad: kernel bug: Touch jump detected and discarded.
See https://wayland.freedesktop.org/libinput/doc/1.15.5/touchpad-jumping-cursors.html for details
[ 19372.617] (EE) event11 - DELL0A7B:00 06CB:CE26 Touchpad: kernel bug: Touch jump detected and discarded.
See https://wayland.freedesktop.org/libinput/doc/1.15.5/touchpad-jumping-cursors.html for details
[ 19378.497] (EE) event11 - DELL0A7B:00 06CB:CE26 Touchpad: kernel bug: Touch jump detected and discarded.
See https://wayland.freedesktop.org/libinput/doc/1.15.5/touchpad-jumping-cursors.html for details
[ 19378.941] (EE) event11 - DELL0A7B:00 06CB:CE26 Touchpad: kernel bug: Touch jump detected and discarded.
See https://wayland.freedesktop.org/libinput/doc/1.15.5/touchpad-jumping-cursors.html for details
[ 19379.378] (EE) event11 - DELL0A7B:00 06CB:CE26 Touchpad: kernel bug: Touch jump detected and discarded.
See https://wayland.freedesktop.org/libinput/doc/1.15.5/touchpad-jumping-cursors.html for details
[ 19382.722] (EE) event11 - DELL0A7B:00 06CB:CE26 Touchpad: kernel bug: Touch jump detected and discarded.
See https://wayland.freedesktop.org/libinput/doc/1.15.5/touchpad-jumping-cursors.html for details
[ 19382.722] (EE) event11 - DELL0A7B:00 06CB:CE26 Touchpad: WARNING: log rate limit exceeded (5 msgs per 7200000ms). Discarding future messages.
[ 30419.138] (EE) event11 - DELL0A7B:00 06CB:CE26 Touchpad: kernel bug: Touch jump detected and discarded.
See https://wayland.freedesktop.org/libinput/doc/1.15.5/touchpad-jumping-cursors.html for details
[ 41050.411] (EE) event11 - DELL0A7B:00 06CB:CE26 Touchpad: kernel bug: Touch jump detected and discarded.
See https://wayland.freedesktop.org/libinput/doc/1.15.5/touchpad-jumping-cursors.html for details
[ 44155.290] (EE) event11 - DELL0A7B:00 06CB:CE26 Touchpad: kernel bug: Touch jump detected and discarded.
See https://wayland.freedesktop.org/libinput/doc/1.15.5/touchpad-jumping-cursors.html for details
[ 50882.665] (EE) event11 - DELL0A7B:00 06CB:CE26 Touchpad: kernel bug: Touch jump detected and discarded.
See https://wayland.freedesktop.org/libinput/doc/1.15.5/touchpad-jumping-cursors.html for details
[ 52524.733] (EE) event11 - DELL0A7B:00 06CB:CE26 Touchpad: kernel bug: Touch jump detected and discarded.
See https://wayland.freedesktop.org/libinput/doc/1.15.5/touchpad-jumping-cursors.html for details
[ 52619.534] (EE) event11 - DELL0A7B:00 06CB:CE26 Touchpad: kernel bug: Touch jump detected and discarded.
See https://wayland.freedesktop.org/libinput/doc/1.15.5/touchpad-jumping-cursors.html for details
[ 61931.211] (EE) event11 - DELL0A7B:00 06CB:CE26 Touchpad: kernel bug: Touch jump detected and discarded.
See https://wayland.freedesktop.org/libinput/doc/1.15.5/touchpad-jumping-cursors.html for details
[ 62594.371] (EE) event11 - DELL0A7B:00 06CB:CE26 Touchpad: kernel bug: Touch jump detected and discarded.
See https://wayland.freedesktop.org/libinput/doc/1.15.5/touchpad-jumping-cursors.html for details
[ 62594.668] (EE) event11 - DELL0A7B:00 06CB:CE26 Touchpad: kernel bug: Touch jump detected and discarded.
See https://wayland.freedesktop.org/libinput/doc/1.15.5/touchpad-jumping-cursors.html for details
[ 68995.047] (EE) event11 - DELL0A7B:00 06CB:CE26 Touchpad: kernel bug: Touch jump detected and discarded.
See https://wayland.freedesktop.org/libinput/doc/1.15.5/touchpad-jumping-cursors.html for details
[ 68995.068] (EE) event11 - DELL0A7B:00 06CB:CE26 Touchpad: kernel bug: Touch jump detected and discarded.
See https://wayland.freedesktop.org/libinput/doc/1.15.5/touchpad-jumping-cursors.html for details
[ 68995.068] (EE) event11 - DELL0A7B:00 06CB:CE26 Touchpad: WARNING: log rate limit exceeded (5 msgs per 7200000ms). Discarding future messages.
[ 83715.856] (EE) client bug: timer event11 tap: scheduled expiry is in the past (-125ms), your system is too slow
[ 83715.856] (EE) client bug: timer event11 tap: scheduled expiry is in the past (-61ms), your system is too slow
[ 84869.548] (EE) event11 - DELL0A7B:00 06CB:CE26 Touchpad: kernel bug: Touch jump detected and discarded.
See https://wayland.freedesktop.org/libinput/doc/1.15.5/touchpad-jumping-cursors.html for details
[ 94994.336] (EE) event11 - DELL0A7B:00 06CB:CE26 Touchpad: kernel bug: Touch jump detected and discarded.
See https://wayland.freedesktop.org/libinput/doc/1.15.5/touchpad-jumping-cursors.html for details
[ 95222.804] (II) modeset(0): EDID vendor "BOE", prod id 2593
[ 95222.804] (II) modeset(0): Printing DDC gathered Modelines:
[ 95222.804] (II) modeset(0): Modeline "1366x768"x0.0   72.42  1366 1414 1446 1528  768 771 777 790 +hsync -vsync (47.4 kHz eP)
[ 95222.804] (II) modeset(0): Modeline "1366x768"x0.0   57.94  1366 1414 1446 1528  768 771 777 790 +hsync -vsync (37.9 kHz e)
[ 95281.435] (II) modeset(0): EDID vendor "BOE", prod id 2593
[ 95281.435] (II) modeset(0): Printing DDC gathered Modelines:
[ 95281.435] (II) modeset(0): Modeline "1366x768"x0.0   72.42  1366 1414 1446 1528  768 771 777 790 +hsync -vsync (47.4 kHz eP)
[ 95281.435] (II) modeset(0): Modeline "1366x768"x0.0   57.94  1366 1414 1446 1528  768 771 777 790 +hsync -vsync (37.9 kHz e)
[102881.175] (II) modeset(0): EDID vendor "BOE", prod id 2593
[102881.175] (II) modeset(0): Printing DDC gathered Modelines:
[102881.175] (II) modeset(0): Modeline "1366x768"x0.0   72.42  1366 1414 1446 1528  768 771 777 790 +hsync -vsync (47.4 kHz eP)
[102881.175] (II) modeset(0): Modeline "1366x768"x0.0   57.94  1366 1414 1446 1528  768 771 777 790 +hsync -vsync (37.9 kHz e)
[105946.886] (II) modeset(0): EDID vendor "BOE", prod id 2593
[105946.886] (II) modeset(0): Printing DDC gathered Modelines:
[105946.886] (II) modeset(0): Modeline "1366x768"x0.0   72.42  1366 1414 1446 1528  768 771 777 790 +hsync -vsync (47.4 kHz eP)
[105946.886] (II) modeset(0): Modeline "1366x768"x0.0   57.94  1366 1414 1446 1528  768 771 777 790 +hsync -vsync (37.9 kHz e)
[110127.329] (EE) event11 - DELL0A7B:00 06CB:CE26 Touchpad: kernel bug: Touch jump detected and discarded.
See https://wayland.freedesktop.org/libinput/doc/1.15.5/touchpad-jumping-cursors.html for details
[115930.148] (EE) event11 - DELL0A7B:00 06CB:CE26 Touchpad: kernel bug: Touch jump detected and discarded.
See https://wayland.freedesktop.org/libinput/doc/1.15.5/touchpad-jumping-cursors.html for details
[115930.452] (EE) event11 - DELL0A7B:00 06CB:CE26 Touchpad: kernel bug: Touch jump detected and discarded.
See https://wayland.freedesktop.org/libinput/doc/1.15.5/touchpad-jumping-cursors.html for details
[116465.662] (EE) event11 - DELL0A7B:00 06CB:CE26 Touchpad: kernel bug: Touch jump detected and discarded.
See https://wayland.freedesktop.org/libinput/doc/1.15.5/touchpad-jumping-cursors.html for details
[116467.002] (EE) event11 - DELL0A7B:00 06CB:CE26 Touchpad: kernel bug: Touch jump detected and discarded.
See https://wayland.freedesktop.org/libinput/doc/1.15.5/touchpad-jumping-cursors.html for details
[116467.002] (EE) event11 - DELL0A7B:00 06CB:CE26 Touchpad: WARNING: log rate limit exceeded (5 msgs per 7200000ms). Discarding future messages.
