[Info  - 11:40:41.569] Reading sessions from keychain...
[Info  - 11:40:41.578] Getting sessions for all scopes...
[Info  - 11:40:41.578] Getting sessions for all scopes...
[Info  - 11:40:41.611] Got 0 sessions for all scopes...
[Info  - 11:40:41.612] Got 0 sessions for all scopes...
[Info  - 11:50:44.953] Getting sessions for repo,workflow...
[Info  - 11:50:44.953] Got 0 sessions for repo,workflow...
[Info  - 11:50:51.133] Logging in for the following scopes: repo workflow
[Info  - 11:52:49.862] Getting sessions for repo,workflow...
[Info  - 11:52:49.862] Got 0 sessions for repo,workflow...
[Info  - 11:52:51.795] Logging in for the following scopes: repo workflow
[Info  - 11:55:14.329] Getting sessions for repo,workflow...
[Info  - 11:55:14.329] Got 0 sessions for repo,workflow...
[Info  - 11:55:30.24] Logging in for the following scopes: repo workflow
[Info  - 11:57:20.977] Getting sessions for repo,workflow...
[Info  - 11:57:20.977] Got 0 sessions for repo,workflow...
[Info  - 11:57:22.850] Logging in for the following scopes: repo workflow
[Info  - 11:58:36.461] Getting sessions for repo,workflow...
[Info  - 11:58:36.461] Got 0 sessions for repo,workflow...
[Info  - 11:03:11.834] Getting sessions for repo,workflow...
[Info  - 11:03:11.835] Got 0 sessions for repo,workflow...
[Info  - 11:03:46.43] Getting sessions for repo,workflow...
[Info  - 11:03:46.44] Got 0 sessions for repo,workflow...
[Info  - 11:03:51.882] Logging in for the following scopes: repo workflow
[Trace  - 11:04:11.221] Handling Uri...
[Info  - 11:04:11.221] Exchanging code for token...
[Info  - 11:04:12.372] Token exchange success!
[Info  - 11:04:12.372] Getting user info...
[Info  - 11:04:12.940] Got account info!
[Info  - 11:04:12.940] Storing 1 sessions...
[Info  - 11:04:12.956] Reading sessions from keychain...
[Info  - 11:04:12.957] Stored 1 sessions!
[Info  - 11:04:12.957] Login success!
[Trace  - 11:04:12.987] Token acquired from secret storage.
[Info  - 11:04:12.987] Got stored sessions!
[Trace  - 11:04:12.987] Read the following session from the keychain with the following scopes: repo,workflow
[Info  - 11:04:12.988] Got 1 verified sessions.
[Info  - 11:04:12.988] Getting sessions for all scopes...
[Info  - 11:04:12.988] Got 1 sessions for all scopes...
[Info  - 11:15:51.841] Getting sessions for repo,workflow...
[Info  - 11:15:51.841] Got 1 sessions for repo,workflow...
[Info  - 12:58:42.236] Getting sessions for repo,workflow...
[Info  - 12:58:42.236] Got 1 sessions for repo,workflow...
